2020-10-06 15:48:13,412 p=7678 u=student n=ansible | PLAY [Pre-setup] *************************************************************************************************************
2020-10-06 15:48:16,315 p=7678 u=student n=ansible | TASK [Gathering Facts] *******************************************************************************************************
2020-10-06 15:48:16,319 p=7678 u=student n=ansible | [DEPRECATION WARNING]: Distribution Ubuntu 18.04 on host bchd should use /usr/bin/python3, but is using /usr/bin/python for 
backward compatibility with prior Ansible releases. A future Ansible release will default to using the discovered platform 
python for this host. See https://docs.ansible.com/ansible/2.10/reference_appendices/interpreter_discovery.html for more 
information. This feature will be removed in version 2.12. Deprecation warnings can be disabled by setting 
deprecation_warnings=False in ansible.cfg.
2020-10-06 15:48:16,320 p=7678 u=student n=ansible | ok: [bchd]
2020-10-06 15:48:16,376 p=7678 u=student n=ansible | ok: [master-02]
2020-10-06 15:48:16,388 p=7678 u=student n=ansible | ok: [master-01]
2020-10-06 15:48:16,427 p=7678 u=student n=ansible | ok: [master-03]
2020-10-06 15:48:16,802 p=7678 u=student n=ansible | ok: [node-01]
2020-10-06 15:48:19,706 p=7678 u=student n=ansible | ok: [node-02]
2020-10-06 15:48:19,730 p=7678 u=student n=ansible | ok: [node-03]
2020-10-06 15:48:20,853 p=7678 u=student n=ansible | TASK [command] ***************************************************************************************************************
2020-10-06 15:48:20,855 p=7678 u=student n=ansible | changed: [bchd]
2020-10-06 15:48:20,882 p=7678 u=student n=ansible | changed: [node-01]
2020-10-06 15:48:21,002 p=7678 u=student n=ansible | changed: [master-03]
2020-10-06 15:48:21,023 p=7678 u=student n=ansible | changed: [master-02]
2020-10-06 15:48:21,026 p=7678 u=student n=ansible | changed: [master-01]
2020-10-06 15:48:21,549 p=7678 u=student n=ansible | changed: [node-02]
2020-10-06 15:48:21,562 p=7678 u=student n=ansible | changed: [node-03]
2020-10-06 15:48:21,597 p=7678 u=student n=ansible | PLAY RECAP *******************************************************************************************************************
2020-10-06 15:48:21,598 p=7678 u=student n=ansible | bchd                       : ok=2    changed=1    unreachable=0    failed=0    skipped=0    rescued=0    ignored=0   
2020-10-06 15:48:21,598 p=7678 u=student n=ansible | master-01                  : ok=2    changed=1    unreachable=0    failed=0    skipped=0    rescued=0    ignored=0   
2020-10-06 15:48:21,599 p=7678 u=student n=ansible | master-02                  : ok=2    changed=1    unreachable=0    failed=0    skipped=0    rescued=0    ignored=0   
2020-10-06 15:48:21,599 p=7678 u=student n=ansible | master-03                  : ok=2    changed=1    unreachable=0    failed=0    skipped=0    rescued=0    ignored=0   
2020-10-06 15:48:21,599 p=7678 u=student n=ansible | node-01                    : ok=2    changed=1    unreachable=0    failed=0    skipped=0    rescued=0    ignored=0   
2020-10-06 15:48:21,600 p=7678 u=student n=ansible | node-02                    : ok=2    changed=1    unreachable=0    failed=0    skipped=0    rescued=0    ignored=0   
2020-10-06 15:48:21,600 p=7678 u=student n=ansible | node-03                    : ok=2    changed=1    unreachable=0    failed=0    skipped=0    rescued=0    ignored=0   
